<?xml version="1.0" encoding="UTF-8"?>
<!-- Generated by org.testng.reporters.JUnitXMLReporter -->
<testsuite hostname="MacBook-Air.local" failures="0" tests="1" name="Test" time="0.115" errors="0" timestamp="25 May 2021 11:39:55 GMT">
  <testcase classname="loginpage.Loginpage" name="@BeforeTest login" time="0.0">
    <failure type="java.lang.IllegalStateException" message="The driver executable does not exist: /Users/kirandalai/Documents/chromedriver.exe">
      <![CDATA[java.lang.IllegalStateException: The driver executable does not exist: /Users/kirandalai/Documents/chromedriver.exe
	at com.google.common.base.Preconditions.checkState(Preconditions.java:197)
	at org.openqa.selenium.remote.service.DriverService.checkExecutable(DriverService.java:122)
	at org.openqa.selenium.remote.service.DriverService.findExecutable(DriverService.java:117)
	at org.openqa.selenium.chrome.ChromeDriverService.access$000(ChromeDriverService.java:32)
	at org.openqa.selenium.chrome.ChromeDriverService$Builder.findDefaultExecutable(ChromeDriverService.java:118)
	at org.openqa.selenium.remote.service.DriverService$Builder.build(DriverService.java:291)
	at org.openqa.selenium.chrome.ChromeDriverService.createDefaultService(ChromeDriverService.java:82)
	at org.openqa.selenium.chrome.ChromeDriver.<init>(ChromeDriver.java:117)
	at loginpage.Loginpage.login(Loginpage.java:16)
... Removed 22 stack frames]]>
    </failure>
  </testcase> <!-- @BeforeTest login -->
  <testcase classname="loginpage.Loginpage" name="loginapp" time="0.004">
    <skipped/>
  </testcase> <!-- loginapp -->
</testsuite> <!-- Test -->
