<?xml version="1.0" encoding="UTF-8"?>
<testng-results skipped="0" failed="0" total="1" passed="1">
  <reporter-output>
  </reporter-output>
  <suite name="Suite" duration-ms="14597" started-at="2018-06-24T16:29:21Z" finished-at="2018-06-24T16:29:36Z">
    <groups>
    </groups>
    <test name="Test" duration-ms="14597" started-at="2018-06-24T16:29:21Z" finished-at="2018-06-24T16:29:36Z">
      <class name="loginpage.Loginpage">
        <test-method status="PASS" signature="login()[pri:0, instance:loginpage.Loginpage@13fee20c]" name="login" is-config="true" duration-ms="14582" started-at="2018-06-24T21:59:21Z" finished-at="2018-06-24T21:59:36Z">
          <reporter-output>
          </reporter-output>
        </test-method> <!-- login -->
        <test-method status="PASS" signature="loginapp()[pri:0, instance:loginpage.Loginpage@13fee20c]" name="loginapp" duration-ms="1" started-at="2018-06-24T21:59:36Z" finished-at="2018-06-24T21:59:36Z">
          <reporter-output>
          </reporter-output>
        </test-method> <!-- loginapp -->
      </class> <!-- loginpage.Loginpage -->
    </test> <!-- Test -->
  </suite> <!-- Suite -->
</testng-results>
