<?xml version="1.0" encoding="UTF-8"?>
<testng-results total="1" passed="1" failed="0" skipped="0">
  <reporter-output>
  </reporter-output>
  <suite started-at="2021-05-25T11:45:17Z" name="Suite" finished-at="2021-05-25T11:45:45Z" duration-ms="27768">
    <groups>
    </groups>
    <test started-at="2021-05-25T11:45:17Z" name="Test" finished-at="2021-05-25T11:45:45Z" duration-ms="27768">
      <class name="loginpage.Loginpage">
        <test-method is-config="true" signature="login()[pri:0, instance:loginpage.Loginpage@1700915]" started-at="2021-05-25T17:15:17Z" name="login" finished-at="2021-05-25T17:15:45Z" duration-ms="27746" status="PASS">
          <reporter-output>
          </reporter-output>
        </test-method> <!-- login -->
        <test-method signature="loginapp()[pri:0, instance:loginpage.Loginpage@1700915]" started-at="2021-05-25T17:15:45Z" name="loginapp" finished-at="2021-05-25T17:15:45Z" duration-ms="2" status="PASS">
          <reporter-output>
          </reporter-output>
        </test-method> <!-- loginapp -->
      </class> <!-- loginpage.Loginpage -->
    </test> <!-- Test -->
  </suite> <!-- Suite -->
</testng-results>
