<?xml version="1.0" encoding="UTF-8"?>
<testng-results total="1" passed="1" failed="0" skipped="0">
  <reporter-output>
  </reporter-output>
  <suite started-at="2021-05-25T12:18:41Z" name="Default suite" finished-at="2021-05-25T12:18:56Z" duration-ms="14166">
    <groups>
    </groups>
    <test started-at="2021-05-25T12:18:41Z" name="Default test" finished-at="2021-05-25T12:18:56Z" duration-ms="14166">
      <class name="loginpage.Loginpage">
        <test-method is-config="true" signature="login()[pri:0, instance:loginpage.Loginpage@1205bd62]" started-at="2021-05-25T17:48:41Z" name="login" finished-at="2021-05-25T17:48:56Z" duration-ms="14108" status="PASS">
          <reporter-output>
          </reporter-output>
        </test-method> <!-- login -->
        <test-method signature="loginapp()[pri:0, instance:loginpage.Loginpage@1205bd62]" started-at="2021-05-25T17:48:56Z" name="loginapp" finished-at="2021-05-25T17:48:56Z" duration-ms="8" status="PASS">
          <reporter-output>
          </reporter-output>
        </test-method> <!-- loginapp -->
      </class> <!-- loginpage.Loginpage -->
    </test> <!-- Default test -->
  </suite> <!-- Default suite -->
</testng-results>
